<?xml version="1.0" encoding="UTF-8"?>
<!-- Generated by org.testng.reporters.JUnitReportReporter -->
<testsuite hostname="DESKTOP-TTO9MBT" name="MavenNew.AmazonPageObjectModel.Test_Case1" tests="1" failures="0" timestamp="24 Jun 2017 07:07:40 GMT" time="15.690" errors="0">
  <testcase name="testCase1" time="15.690" classname="MavenNew.AmazonPageObjectModel.Test_Case1"/>
</testsuite> <!-- MavenNew.AmazonPageObjectModel.Test_Case1 -->
