<?xml version="1.0" encoding="UTF-8"?>
<!-- Generated by org.testng.reporters.JUnitReportReporter -->
<testsuite hostname="DESKTOP-TTO9MBT" name="MavenNew.AmazonPageObjectModel.TestCase1" tests="1" failures="0" timestamp="28 Jun 2017 04:59:51 GMT" time="47.462" errors="0">
  <testcase name="testCase1" time="47.462" classname="MavenNew.AmazonPageObjectModel.TestCase1"/>
</testsuite> <!-- MavenNew.AmazonPageObjectModel.TestCase1 -->
